<?xml version="1.0" encoding="UTF-8"?>
<testsuite name="com.example.demo.test.repo.MonthlyRepoTest" tests="1" skipped="0" failures="0" errors="0" timestamp="2019-10-03T05:17:00" hostname="DESKTOP-L45GBMG" time="1.216">
  <properties/>
  <testcase name="createScheduleTest" classname="com.example.demo.test.repo.MonthlyRepoTest" time="1.216"/>
  <system-out><![CDATA[20191003 14:16:55.725 [Test worker] INFO o.s.b.t.c.SpringBootTestContextBootstrapper - Neither @ContextConfiguration nor @ContextHierarchy found for test class [com.example.demo.test.repo.MonthlyRepoTest], using SpringBootContextLoader 
20191003 14:16:55.733 [Test worker] INFO o.s.t.c.s.AbstractContextLoader - Could not detect default resource locations for test class [com.example.demo.test.repo.MonthlyRepoTest]: no resource found for suffixes {-context.xml, Context.groovy}. 
20191003 14:16:55.734 [Test worker] INFO o.s.t.c.s.AnnotationConfigContextLoaderUtils - Could not detect default configuration classes for test class [com.example.demo.test.repo.MonthlyRepoTest]: MonthlyRepoTest does not declare any static, non-private, non-final, nested classes annotated with @Configuration. 
20191003 14:16:55.870 [Test worker] INFO o.s.b.t.c.SpringBootTestContextBootstrapper - Found @SpringBootConfiguration com.example.demo.DemoApplication for test class com.example.demo.test.repo.MonthlyRepoTest 
20191003 14:16:55.987 [Test worker] INFO o.s.b.t.c.SpringBootTestContextBootstrapper - Loaded default TestExecutionListener class names from location [META-INF/spring.factories]: [org.springframework.boot.test.autoconfigure.restdocs.RestDocsTestExecutionListener, org.springframework.boot.test.autoconfigure.web.client.MockRestServiceServerResetTestExecutionListener, org.springframework.boot.test.autoconfigure.web.servlet.MockMvcPrintOnlyOnFailureTestExecutionListener, org.springframework.boot.test.autoconfigure.web.servlet.WebDriverTestExecutionListener, org.springframework.boot.test.mock.mockito.MockitoTestExecutionListener, org.springframework.boot.test.mock.mockito.ResetMocksTestExecutionListener, org.springframework.test.context.web.ServletTestExecutionListener, org.springframework.test.context.support.DirtiesContextBeforeModesTestExecutionListener, org.springframework.test.context.support.DependencyInjectionTestExecutionListener, org.springframework.test.context.support.DirtiesContextTestExecutionListener, org.springframework.test.context.transaction.TransactionalTestExecutionListener, org.springframework.test.context.jdbc.SqlScriptsTestExecutionListener] 
20191003 14:16:56.018 [Test worker] INFO o.s.b.t.c.SpringBootTestContextBootstrapper - Using TestExecutionListeners: [org.springframework.test.context.web.ServletTestExecutionListener@71b7a553, org.springframework.test.context.support.DirtiesContextBeforeModesTestExecutionListener@75950464, org.springframework.boot.test.mock.mockito.MockitoTestExecutionListener@75ca6154, org.springframework.boot.test.autoconfigure.SpringBootDependencyInjectionTestExecutionListener@1081c66, org.springframework.test.context.support.DirtiesContextTestExecutionListener@4d59ac29, org.springframework.test.context.transaction.TransactionalTestExecutionListener@10b237c2, org.springframework.test.context.jdbc.SqlScriptsTestExecutionListener@36543441, org.springframework.boot.test.autoconfigure.restdocs.RestDocsTestExecutionListener@777ef5c1, org.springframework.boot.test.autoconfigure.web.client.MockRestServiceServerResetTestExecutionListener@77c637e3, org.springframework.boot.test.autoconfigure.web.servlet.MockMvcPrintOnlyOnFailureTestExecutionListener@764b12fe, org.springframework.boot.test.autoconfigure.web.servlet.WebDriverTestExecutionListener@612ac64a, org.springframework.boot.test.mock.mockito.ResetMocksTestExecutionListener@61fae753] 

  .   ____          _            __ _ _
 /\\ / ___'_ __ _ _(_)_ __  __ _ \ \ \ \
( ( )\___ | '_ | '_| | '_ \/ _` | \ \ \ \
 \\/  ___)| |_)| | | | | || (_| |  ) ) ) )
  '  |____| .__|_| |_|_| |_\__, | / / / /
 =========|_|==============|___/=/_/_/_/
 :: Spring Boot ::        (v2.1.4.RELEASE)

20191003 14:16:56.370 [Test worker] INFO c.e.d.t.r.MonthlyRepoTest - Starting MonthlyRepoTest on DESKTOP-L45GBMG with PID 13064 (started by 강성효 in C:\Users\강성효\Desktop\demo-spring-boot) 
20191003 14:16:56.371 [Test worker] INFO c.e.d.t.r.MonthlyRepoTest - No active profile set, falling back to default profiles: default 
20191003 14:16:59.394 [Test worker] INFO o.s.s.c.ThreadPoolTaskExecutor - Initializing ExecutorService 'applicationTaskExecutor' 
20191003 14:16:59.781 [Test worker] INFO o.s.b.a.w.s.WelcomePageHandlerMapping - Adding welcome page template: index 
20191003 14:17:00.285 [Test worker] INFO c.e.d.t.r.MonthlyRepoTest - Started MonthlyRepoTest in 4.221 seconds (JVM running for 5.759) 
20191003 14:17:00.647 [Test worker] INFO c.z.h.HikariDataSource - HikariPool-1 - Starting... 
20191003 14:17:01.417 [Test worker] INFO c.z.h.HikariDataSource - HikariPool-1 - Start completed. 
20191003 14:17:01.463 [Test worker] DEBUG j.sqltiming -  com.zaxxer.hikari.pool.ProxyPreparedStatement.execute(ProxyPreparedStatement.java:44)
1. SELECT
            *
        FROM
            Calendar c left join Monthly m on c.day = m.start_day
        WHERE
            year = '2019' and month = '10'
 {executed in 16 msec} 
20191003 14:17:01.512 [Test worker] INFO j.resultsettable - 
|-----|------|----|-------|------------|-----------|------------|----------|---------|----------|--------|-----------|-------------|-----------|---------|-----------|---------|-------------|--------|
|year |month |day |title  |explanation |start_year |start_month |start_day |end_year |end_month |end_day |start_hour |start_minute |start_sign |end_hour |end_minute |end_sign |repeat_month |all_day |
|-----|------|----|-------|------------|-----------|------------|----------|---------|----------|--------|-----------|-------------|-----------|---------|-----------|---------|-------------|--------|
|2019 |10    |01  |테스트 일정 |설명          |2019       |10          |01        |2019     |10        |01      |8          |14           |AM         |10       |14         |PM       |false        |false   |
|2019 |10    |01  |테스트 일정 |설명          |2019       |10          |01        |2019     |10        |01      |8          |14           |AM         |10       |14         |PM       |false        |false   |
|2019 |10    |02  |테스트 일정 |설명          |2019       |10          |02        |2019     |10        |02      |8          |14           |AM         |10       |14         |PM       |false        |false   |
|2019 |10    |02  |테스트 일정 |설명          |2019       |10          |02        |2019     |10        |02      |8          |14           |AM         |10       |14         |PM       |false        |false   |
|2019 |10    |02  |테스트 일정 |설명          |2019       |10          |02        |2019     |10        |02      |8          |14           |AM         |10       |14         |PM       |false        |false   |
|2019 |10    |03  |테스트 일정 |설명          |2019       |10          |03        |2019     |10        |03      |8          |14           |AM         |10       |14         |PM       |false        |false   |
|2019 |10    |03  |테스트 일정 |설명          |2019       |10          |03        |2019     |10        |03      |8          |14           |AM         |10       |14         |PM       |false        |false   |
|2019 |10    |04  |[null] |[null]      |[null]     |[null]      |[null]    |[null]   |[null]    |[null]  |[null]     |[null]       |[null]     |[null]   |[null]     |[null]   |[null]       |[null]  |
|2019 |10    |05  |[null] |[null]      |[null]     |[null]      |[null]    |[null]   |[null]    |[null]  |[null]     |[null]       |[null]     |[null]   |[null]     |[null]   |[null]       |[null]  |
|2019 |10    |06  |[null] |[null]      |[null]     |[null]      |[null]    |[null]   |[null]    |[null]  |[null]     |[null]       |[null]     |[null]   |[null]     |[null]   |[null]       |[null]  |
|2019 |10    |07  |[null] |[null]      |[null]     |[null]      |[null]    |[null]   |[null]    |[null]  |[null]     |[null]       |[null]     |[null]   |[null]     |[null]   |[null]       |[null]  |
|2019 |10    |08  |[null] |[null]      |[null]     |[null]      |[null]    |[null]   |[null]    |[null]  |[null]     |[null]       |[null]     |[null]   |[null]     |[null]   |[null]       |[null]  |
|2019 |10    |09  |[null] |[null]      |[null]     |[null]      |[null]    |[null]   |[null]    |[null]  |[null]     |[null]       |[null]     |[null]   |[null]     |[null]   |[null]       |[null]  |
|2019 |10    |10  |[null] |[null]      |[null]     |[null]      |[null]    |[null]   |[null]    |[null]  |[null]     |[null]       |[null]     |[null]   |[null]     |[null]   |[null]       |[null]  |
|2019 |10    |11  |[null] |[null]      |[null]     |[null]      |[null]    |[null]   |[null]    |[null]  |[null]     |[null]       |[null]     |[null]   |[null]     |[null]   |[null]       |[null]  |
|2019 |10    |12  |[null] |[null]      |[null]     |[null]      |[null]    |[null]   |[null]    |[null]  |[null]     |[null]       |[null]     |[null]   |[null]     |[null]   |[null]       |[null]  |
|2019 |10    |13  |[null] |[null]      |[null]     |[null]      |[null]    |[null]   |[null]    |[null]  |[null]     |[null]       |[null]     |[null]   |[null]     |[null]   |[null]       |[null]  |
|2019 |10    |14  |[null] |[null]      |[null]     |[null]      |[null]    |[null]   |[null]    |[null]  |[null]     |[null]       |[null]     |[null]   |[null]     |[null]   |[null]       |[null]  |
|2019 |10    |15  |[null] |[null]      |[null]     |[null]      |[null]    |[null]   |[null]    |[null]  |[null]     |[null]       |[null]     |[null]   |[null]     |[null]   |[null]       |[null]  |
|2019 |10    |16  |[null] |[null]      |[null]     |[null]      |[null]    |[null]   |[null]    |[null]  |[null]     |[null]       |[null]     |[null]   |[null]     |[null]   |[null]       |[null]  |
|2019 |10    |17  |[null] |[null]      |[null]     |[null]      |[null]    |[null]   |[null]    |[null]  |[null]     |[null]       |[null]     |[null]   |[null]     |[null]   |[null]       |[null]  |
|2019 |10    |18  |[null] |[null]      |[null]     |[null]      |[null]    |[null]   |[null]    |[null]  |[null]     |[null]       |[null]     |[null]   |[null]     |[null]   |[null]       |[null]  |
|2019 |10    |19  |[null] |[null]      |[null]     |[null]      |[null]    |[null]   |[null]    |[null]  |[null]     |[null]       |[null]     |[null]   |[null]     |[null]   |[null]       |[null]  |
|2019 |10    |20  |[null] |[null]      |[null]     |[null]      |[null]    |[null]   |[null]    |[null]  |[null]     |[null]       |[null]     |[null]   |[null]     |[null]   |[null]       |[null]  |
|2019 |10    |21  |[null] |[null]      |[null]     |[null]      |[null]    |[null]   |[null]    |[null]  |[null]     |[null]       |[null]     |[null]   |[null]     |[null]   |[null]       |[null]  |
|2019 |10    |22  |[null] |[null]      |[null]     |[null]      |[null]    |[null]   |[null]    |[null]  |[null]     |[null]       |[null]     |[null]   |[null]     |[null]   |[null]       |[null]  |
|2019 |10    |23  |[null] |[null]      |[null]     |[null]      |[null]    |[null]   |[null]    |[null]  |[null]     |[null]       |[null]     |[null]   |[null]     |[null]   |[null]       |[null]  |
|2019 |10    |24  |[null] |[null]      |[null]     |[null]      |[null]    |[null]   |[null]    |[null]  |[null]     |[null]       |[null]     |[null]   |[null]     |[null]   |[null]       |[null]  |
|2019 |10    |25  |[null] |[null]      |[null]     |[null]      |[null]    |[null]   |[null]    |[null]  |[null]     |[null]       |[null]     |[null]   |[null]     |[null]   |[null]       |[null]  |
|2019 |10    |26  |[null] |[null]      |[null]     |[null]      |[null]    |[null]   |[null]    |[null]  |[null]     |[null]       |[null]     |[null]   |[null]     |[null]   |[null]       |[null]  |
|2019 |10    |27  |[null] |[null]      |[null]     |[null]      |[null]    |[null]   |[null]    |[null]  |[null]     |[null]       |[null]     |[null]   |[null]     |[null]   |[null]       |[null]  |
|2019 |10    |28  |[null] |[null]      |[null]     |[null]      |[null]    |[null]   |[null]    |[null]  |[null]     |[null]       |[null]     |[null]   |[null]     |[null]   |[null]       |[null]  |
|2019 |10    |29  |[null] |[null]      |[null]     |[null]      |[null]    |[null]   |[null]    |[null]  |[null]     |[null]       |[null]     |[null]   |[null]     |[null]   |[null]       |[null]  |
|2019 |10    |30  |[null] |[null]      |[null]     |[null]      |[null]    |[null]   |[null]    |[null]  |[null]     |[null]       |[null]     |[null]   |[null]     |[null]   |[null]       |[null]  |
|2019 |10    |31  |[null] |[null]      |[null]     |[null]      |[null]    |[null]   |[null]    |[null]  |[null]     |[null]       |[null]     |[null]   |[null]     |[null]   |[null]       |[null]  |
|-----|------|----|-------|------------|-----------|------------|----------|---------|----------|--------|-----------|-------------|-----------|---------|-----------|---------|-------------|--------|
 
[MonthlyDTO{title='테스트 일정', explanation='설명', start_year='2019', start_month='10', start_day='01', end_year='2019', end_month='10', end_day='01', start_hour='8', start_minute='14', start_sign='AM', end_hour='null', end_minute='null', end_sign='null', repeat_month=false, all_day=false}]
]]></system-out>
  <system-err><![CDATA[Loading class `com.mysql.jdbc.Driver'. This is deprecated. The new driver class is `com.mysql.cj.jdbc.Driver'. The driver is automatically registered via the SPI and manual loading of the driver class is generally unnecessary.
]]></system-err>
</testsuite>
