<?xml version="1.0" encoding="UTF-8"?>
<testsuite name="com.example.demo.test.MonthlyServiceImplTest" tests="1" skipped="0" failures="0" errors="0" timestamp="2019-09-29T11:15:35" hostname="DESKTOP-L45GBMG" time="1.082">
  <properties/>
  <testcase name="regScheduleTest" classname="com.example.demo.test.MonthlyServiceImplTest" time="1.082"/>
  <system-out><![CDATA[20:15:31.272 [Test worker] DEBUG org.springframework.test.context.junit4.SpringJUnit4ClassRunner - SpringJUnit4ClassRunner constructor called with [class com.example.demo.test.MonthlyServiceImplTest]
20:15:31.283 [Test worker] DEBUG org.springframework.test.context.BootstrapUtils - Instantiating CacheAwareContextLoaderDelegate from class [org.springframework.test.context.cache.DefaultCacheAwareContextLoaderDelegate]
20:15:31.302 [Test worker] DEBUG org.springframework.test.context.BootstrapUtils - Instantiating BootstrapContext using constructor [public org.springframework.test.context.support.DefaultBootstrapContext(java.lang.Class,org.springframework.test.context.CacheAwareContextLoaderDelegate)]
20:15:31.333 [Test worker] DEBUG org.springframework.test.context.BootstrapUtils - Instantiating TestContextBootstrapper for test class [com.example.demo.test.MonthlyServiceImplTest] from class [org.springframework.boot.test.context.SpringBootTestContextBootstrapper]
20:15:31.358 [Test worker] INFO org.springframework.boot.test.context.SpringBootTestContextBootstrapper - Neither @ContextConfiguration nor @ContextHierarchy found for test class [com.example.demo.test.MonthlyServiceImplTest], using SpringBootContextLoader
20:15:31.371 [Test worker] DEBUG org.springframework.test.context.support.AbstractContextLoader - Did not detect default resource location for test class [com.example.demo.test.MonthlyServiceImplTest]: class path resource [com/example/demo/test/MonthlyServiceImplTest-context.xml] does not exist
20:15:31.372 [Test worker] DEBUG org.springframework.test.context.support.AbstractContextLoader - Did not detect default resource location for test class [com.example.demo.test.MonthlyServiceImplTest]: class path resource [com/example/demo/test/MonthlyServiceImplTestContext.groovy] does not exist
20:15:31.372 [Test worker] INFO org.springframework.test.context.support.AbstractContextLoader - Could not detect default resource locations for test class [com.example.demo.test.MonthlyServiceImplTest]: no resource found for suffixes {-context.xml, Context.groovy}.
20:15:31.374 [Test worker] INFO org.springframework.test.context.support.AnnotationConfigContextLoaderUtils - Could not detect default configuration classes for test class [com.example.demo.test.MonthlyServiceImplTest]: MonthlyServiceImplTest does not declare any static, non-private, non-final, nested classes annotated with @Configuration.
20:15:31.438 [Test worker] DEBUG org.springframework.test.context.support.ActiveProfilesUtils - Could not find an 'annotation declaring class' for annotation type [org.springframework.test.context.ActiveProfiles] and class [com.example.demo.test.MonthlyServiceImplTest]
20:15:31.545 [Test worker] DEBUG org.springframework.context.annotation.ClassPathScanningCandidateComponentProvider - Identified candidate component class: file [C:\Users\강성효\Desktop\demo-spring-boot\build\classes\java\main\com\example\demo\DemoApplication.class]
20:15:31.548 [Test worker] INFO org.springframework.boot.test.context.SpringBootTestContextBootstrapper - Found @SpringBootConfiguration com.example.demo.DemoApplication for test class com.example.demo.test.MonthlyServiceImplTest
20:15:31.678 [Test worker] DEBUG org.springframework.boot.test.context.SpringBootTestContextBootstrapper - @TestExecutionListeners is not present for class [com.example.demo.test.MonthlyServiceImplTest]: using defaults.
20:15:31.683 [Test worker] INFO org.springframework.boot.test.context.SpringBootTestContextBootstrapper - Loaded default TestExecutionListener class names from location [META-INF/spring.factories]: [org.springframework.boot.test.autoconfigure.restdocs.RestDocsTestExecutionListener, org.springframework.boot.test.autoconfigure.web.client.MockRestServiceServerResetTestExecutionListener, org.springframework.boot.test.autoconfigure.web.servlet.MockMvcPrintOnlyOnFailureTestExecutionListener, org.springframework.boot.test.autoconfigure.web.servlet.WebDriverTestExecutionListener, org.springframework.boot.test.mock.mockito.MockitoTestExecutionListener, org.springframework.boot.test.mock.mockito.ResetMocksTestExecutionListener, org.springframework.test.context.web.ServletTestExecutionListener, org.springframework.test.context.support.DirtiesContextBeforeModesTestExecutionListener, org.springframework.test.context.support.DependencyInjectionTestExecutionListener, org.springframework.test.context.support.DirtiesContextTestExecutionListener, org.springframework.test.context.transaction.TransactionalTestExecutionListener, org.springframework.test.context.jdbc.SqlScriptsTestExecutionListener]
20:15:31.712 [Test worker] INFO org.springframework.boot.test.context.SpringBootTestContextBootstrapper - Using TestExecutionListeners: [org.springframework.test.context.web.ServletTestExecutionListener@572b81d5, org.springframework.test.context.support.DirtiesContextBeforeModesTestExecutionListener@7cb5527e, org.springframework.boot.test.mock.mockito.MockitoTestExecutionListener@508fdd8e, org.springframework.boot.test.autoconfigure.SpringBootDependencyInjectionTestExecutionListener@638ef67e, org.springframework.test.context.support.DirtiesContextTestExecutionListener@6820e6f3, org.springframework.test.context.transaction.TransactionalTestExecutionListener@3e506f2b, org.springframework.test.context.jdbc.SqlScriptsTestExecutionListener@109da6c2, org.springframework.boot.test.autoconfigure.restdocs.RestDocsTestExecutionListener@4348fa9, org.springframework.boot.test.autoconfigure.web.client.MockRestServiceServerResetTestExecutionListener@6b4ce6a2, org.springframework.boot.test.autoconfigure.web.servlet.MockMvcPrintOnlyOnFailureTestExecutionListener@56d8f5d7, org.springframework.boot.test.autoconfigure.web.servlet.WebDriverTestExecutionListener@2b0ef278, org.springframework.boot.test.mock.mockito.ResetMocksTestExecutionListener@be76977]
20:15:31.718 [Test worker] DEBUG org.springframework.test.annotation.ProfileValueUtils - Retrieved @ProfileValueSourceConfiguration [null] for test class [com.example.demo.test.MonthlyServiceImplTest]
20:15:31.719 [Test worker] DEBUG org.springframework.test.annotation.ProfileValueUtils - Retrieved ProfileValueSource type [class org.springframework.test.annotation.SystemProfileValueSource] for class [com.example.demo.test.MonthlyServiceImplTest]
20:15:31.725 [Test worker] DEBUG org.springframework.test.annotation.ProfileValueUtils - Retrieved @ProfileValueSourceConfiguration [null] for test class [com.example.demo.test.MonthlyServiceImplTest]
20:15:31.725 [Test worker] DEBUG org.springframework.test.annotation.ProfileValueUtils - Retrieved ProfileValueSource type [class org.springframework.test.annotation.SystemProfileValueSource] for class [com.example.demo.test.MonthlyServiceImplTest]
20:15:31.726 [Test worker] DEBUG org.springframework.test.annotation.ProfileValueUtils - Retrieved @ProfileValueSourceConfiguration [null] for test class [com.example.demo.test.MonthlyServiceImplTest]
20:15:31.727 [Test worker] DEBUG org.springframework.test.annotation.ProfileValueUtils - Retrieved ProfileValueSource type [class org.springframework.test.annotation.SystemProfileValueSource] for class [com.example.demo.test.MonthlyServiceImplTest]
20:15:31.733 [Test worker] DEBUG org.springframework.test.context.support.AbstractDirtiesContextTestExecutionListener - Before test class: context [DefaultTestContext@b8f879a testClass = MonthlyServiceImplTest, testInstance = [null], testMethod = [null], testException = [null], mergedContextConfiguration = [WebMergedContextConfiguration@59a3d965 testClass = MonthlyServiceImplTest, locations = '{}', classes = '{class com.example.demo.DemoApplication}', contextInitializerClasses = '[]', activeProfiles = '{}', propertySourceLocations = '{}', propertySourceProperties = '{org.springframework.boot.test.context.SpringBootTestContextBootstrapper=true}', contextCustomizers = set[org.springframework.boot.test.autoconfigure.properties.PropertyMappingContextCustomizer@0, org.springframework.boot.test.autoconfigure.web.servlet.WebDriverContextCustomizerFactory$Customizer@72023866, org.springframework.boot.test.context.filter.ExcludeFilterContextCustomizer@7f1e6152, org.springframework.boot.test.json.DuplicateJsonObjectContextCustomizerFactory$DuplicateJsonObjectContextCustomizer@1cad552c, org.springframework.boot.test.mock.mockito.MockitoContextCustomizer@0, org.springframework.boot.test.web.client.TestRestTemplateContextCustomizer@77416767], resourceBasePath = 'src/main/webapp', contextLoader = 'org.springframework.boot.test.context.SpringBootContextLoader', parent = [null]], attributes = map['org.springframework.test.context.web.ServletTestExecutionListener.activateListener' -> true]], class annotated with @DirtiesContext [false] with mode [null].
20:15:31.735 [Test worker] DEBUG org.springframework.test.annotation.ProfileValueUtils - Retrieved @ProfileValueSourceConfiguration [null] for test class [com.example.demo.test.MonthlyServiceImplTest]
20:15:31.735 [Test worker] DEBUG org.springframework.test.annotation.ProfileValueUtils - Retrieved ProfileValueSource type [class org.springframework.test.annotation.SystemProfileValueSource] for class [com.example.demo.test.MonthlyServiceImplTest]
20:15:31.763 [Test worker] DEBUG org.springframework.test.context.support.TestPropertySourceUtils - Adding inlined properties to environment: {spring.jmx.enabled=false, org.springframework.boot.test.context.SpringBootTestContextBootstrapper=true, server.port=-1}

  .   ____          _            __ _ _
 /\\ / ___'_ __ _ _(_)_ __  __ _ \ \ \ \
( ( )\___ | '_ | '_| | '_ \/ _` | \ \ \ \
 \\/  ___)| |_)| | | | | || (_| |  ) ) ) )
  '  |____| .__|_| |_|_| |_\__, | / / / /
 =========|_|==============|___/=/_/_/_/
 :: Spring Boot ::        (v2.1.4.RELEASE)

2019-09-29 20:15:32.131  INFO 15620 --- [    Test worker] c.e.demo.test.MonthlyServiceImplTest     : Starting MonthlyServiceImplTest on DESKTOP-L45GBMG with PID 15620 (started by 강성효 in C:\Users\강성효\Desktop\demo-spring-boot)
2019-09-29 20:15:32.135  INFO 15620 --- [    Test worker] c.e.demo.test.MonthlyServiceImplTest     : No active profile set, falling back to default profiles: default
2019-09-29 20:15:34.805  INFO 15620 --- [    Test worker] o.s.s.concurrent.ThreadPoolTaskExecutor  : Initializing ExecutorService 'applicationTaskExecutor'
2019-09-29 20:15:35.217  INFO 15620 --- [    Test worker] o.s.b.a.w.s.WelcomePageHandlerMapping    : Adding welcome page template: index
2019-09-29 20:15:35.525  INFO 15620 --- [    Test worker] c.e.demo.test.MonthlyServiceImplTest     : Started MonthlyServiceImplTest in 3.752 seconds (JVM running for 5.438)
2019-09-29 20:15:35.788  INFO 15620 --- [    Test worker] com.zaxxer.hikari.HikariDataSource       : HikariPool-1 - Starting...
2019-09-29 20:15:35.794  WARN 15620 --- [    Test worker] com.zaxxer.hikari.util.DriverDataSource  : Registered driver with driverClassName=com.mysql.jdbc.Driver was not found, trying direct instantiation.
2019-09-29 20:15:36.580  INFO 15620 --- [    Test worker] com.zaxxer.hikari.HikariDataSource       : HikariPool-1 - Start completed.
]]></system-out>
  <system-err><![CDATA[Loading class `com.mysql.jdbc.Driver'. This is deprecated. The new driver class is `com.mysql.cj.jdbc.Driver'. The driver is automatically registered via the SPI and manual loading of the driver class is generally unnecessary.
]]></system-err>
</testsuite>
